{
  "RSpec": {
    "coverage": {
      "/Users/steltz/Desktop/client-project/client-project-challenge/spec/controllers/games_controller_spec.rb": [
        1,
        null,
        1,
        1,
        1,
        1,
        1,
        null,
        null,
        1,
        1,
        1,
        1,
        1,
        1,
        null,
        null,
        1,
        null,
        1,
        1,
        null,
        null,
        null,
        1,
        1,
        1,
        1,
        1,
        1,
        1,
        null,
        1,
        null,
        1,
        1,
        null,
        null,
        null,
        null,
        null
      ],
      "/Users/steltz/Desktop/client-project/client-project-challenge/spec/rails_helper.rb": [
        null,
        1,
        1,
        null,
        1,
        1,
        1,
        1,
        null,
        null,
        null,
        null,
        null,
        null,
        null,
        null,
        null,
        null,
        null,
        null,
        null,
        null,
        null,
        null,
        null,
        null,
        null,
        1,
        null,
        1,
        null,
        1,
        null,
        null,
        null,
        null,
        1,
        null,
        null,
        null,
        null,
        null,
        null,
        null,
        null,
        null,
        null,
        null,
        null,
        null,
        null,
        1,
        null
      ],
      "/Users/steltz/Desktop/client-project/client-project-challenge/config/environment.rb": [
        null,
        1,
        null,
        null,
        1
      ],
      "/Users/steltz/Desktop/client-project/client-project-challenge/config/application.rb": [
        1,
        null,
        1,
        null,
        null,
        null,
        1,
        null,
        1,
        1,
        null,
        null,
        null,
        null,
        null,
        null,
        null,
        null,
        null,
        null,
        null,
        null,
        null,
        1,
        null,
        null
      ],
      "/Users/steltz/Desktop/client-project/client-project-challenge/config/boot.rb": [
        1,
        null,
        1
      ],
      "/Users/steltz/Desktop/client-project/client-project-challenge/config/environments/test.rb": [
        1,
        null,
        null,
        null,
        null,
        null,
        null,
        1,
        null,
        null,
        null,
        null,
        1,
        null,
        null,
        1,
        1,
        null,
        null,
        1,
        1,
        null,
        null,
        1,
        null,
        null,
        1,
        null,
        null,
        null,
        null,
        1,
        null,
        null,
        1,
        null,
        null,
        1,
        null,
        null,
        null,
        null
      ],
      "/Users/steltz/Desktop/client-project/client-project-challenge/config/initializers/assets.rb": [
        null,
        null,
        null,
        1,
        null,
        null,
        null,
        null,
        null,
        null,
        null
      ],
      "/Users/steltz/Desktop/client-project/client-project-challenge/config/initializers/backtrace_silencers.rb": [
        null,
        null,
        null,
        null,
        null,
        null,
        null
      ],
      "/Users/steltz/Desktop/client-project/client-project-challenge/config/initializers/cookies_serializer.rb": [
        null,
        null,
        1
      ],
      "/Users/steltz/Desktop/client-project/client-project-challenge/config/initializers/filter_parameter_logging.rb": [
        null,
        null,
        null,
        1
      ],
      "/Users/steltz/Desktop/client-project/client-project-challenge/config/initializers/inflections.rb": [
        null,
        null,
        null,
        null,
        null,
        null,
        null,
        null,
        null,
        null,
        null,
        null,
        null,
        null,
        null,
        null
      ],
      "/Users/steltz/Desktop/client-project/client-project-challenge/config/initializers/mime_types.rb": [
        null,
        null,
        null,
        null
      ],
      "/Users/steltz/Desktop/client-project/client-project-challenge/config/initializers/session_store.rb": [
        null,
        null,
        1
      ],
      "/Users/steltz/Desktop/client-project/client-project-challenge/config/initializers/wrap_parameters.rb": [
        null,
        null,
        null,
        null,
        null,
        null,
        1,
        1,
        null,
        null,
        null,
        null,
        null,
        null
      ],
      "/Users/steltz/Desktop/client-project/client-project-challenge/config/routes.rb": [
        1,
        null,
        null,
        null,
        null,
        1,
        null,
        null,
        1,
        null,
        1,
        null,
        null,
        null,
        null,
        null,
        null,
        null,
        1,
        1,
        null,
        null,
        1,
        1,
        null,
        null,
        1,
        null,
        1,
        null,
        null,
        null,
        null,
        null,
        null,
        null,
        null,
        null,
        null,
        null,
        null,
        null,
        null,
        null,
        null,
        null,
        null,
        null,
        null,
        null,
        null,
        null,
        null,
        null,
        null,
        null,
        null,
        null,
        null,
        null,
        null,
        null,
        null,
        null,
        null,
        null,
        null,
        null,
        null,
        null
      ],
      "/Users/steltz/Desktop/client-project/client-project-challenge/app/helpers/application_helper.rb": [
        1,
        null
      ],
      "/Users/steltz/Desktop/client-project/client-project-challenge/app/helpers/login_helper.rb": [
        1,
        1,
        0,
        null,
        null,
        1,
        0,
        null,
        null,
        1,
        0,
        null,
        null,
        1,
        0,
        null,
        null,
        1,
        0,
        0,
        null,
        null,
        null,
        1,
        0,
        0,
        null,
        0,
        null,
        null,
        null,
        null
      ],
      "/Users/steltz/Desktop/client-project/client-project-challenge/app/controllers/games_controller.rb": [
        1,
        1,
        null,
        1,
        3,
        1,
        null,
        2,
        null,
        null,
        null,
        1,
        0,
        0,
        null,
        null,
        null
      ],
      "/Users/steltz/Desktop/client-project/client-project-challenge/app/controllers/application_controller.rb": [
        1,
        null,
        null,
        1,
        null,
        null
      ],
      "/Users/steltz/Desktop/client-project/client-project-challenge/app/models/game.rb": [
        1,
        1,
        1,
        null,
        1,
        1,
        1,
        null
      ],
      "/Users/steltz/Desktop/client-project/client-project-challenge/app/models/user.rb": [
        1,
        1,
        1,
        null,
        1,
        1,
        null,
        1,
        1,
        null,
        null,
        1,
        0,
        null,
        null,
        1,
        0,
        0,
        null,
        null,
        1,
        0,
        null,
        null,
        null
      ],
      "/Users/steltz/Desktop/client-project/client-project-challenge/app/models/category.rb": [
        1,
        1,
        1,
        null
      ],
      "/Users/steltz/Desktop/client-project/client-project-challenge/app/models/user_game.rb": [
        1,
        1,
        null,
        1,
        1,
        null
      ]
    },
    "timestamp": 1438713493
  }
}
